2024-09-21 00:00:33.582 [SpringApplicationShutdownHook] INFO  com.alibaba.druid.pool.DruidDataSource - {dataSource-0} closing ...
2024-09-21 00:08:21.765 [SpringApplicationShutdownHook] INFO  com.alibaba.druid.pool.DruidDataSource - {dataSource-0} closing ...
2024-09-21 00:10:09.309 [SpringApplicationShutdownHook] INFO  com.alibaba.druid.pool.DruidDataSource - {dataSource-0} closing ...
2024-09-21 00:11:11.904 [main] INFO  com.alibaba.druid.pool.DruidDataSource - {dataSource-0} restart
2024-09-21 00:11:11.906 [main] INFO  com.alibaba.druid.pool.DruidDataSource - {dataSource-0} closing ...
2024-09-21 00:11:20.418 [SpringApplicationShutdownHook] INFO  com.alibaba.druid.pool.DruidDataSource - {dataSource-0} closing ...
2024-09-21 00:17:31.388 [main] INFO  com.alibaba.druid.pool.DruidDataSource - {dataSource-0} restart
2024-09-21 00:17:31.390 [main] INFO  com.alibaba.druid.pool.DruidDataSource - {dataSource-0} closing ...
2024-09-21 00:17:37.877 [main] INFO  com.alibaba.druid.pool.DruidDataSource - {dataSource-1} inited
2024-09-21 00:18:11.992 [SpringApplicationShutdownHook] INFO  com.alibaba.druid.pool.DruidDataSource - {dataSource-1} closing ...
2024-09-21 00:18:11.993 [SpringApplicationShutdownHook] INFO  com.alibaba.druid.pool.DruidDataSource - {dataSource-1} closed
2024-09-21 07:42:34.784 [main] INFO  c.a.d.s.b.a.DruidDataSourceAutoConfigure - Init DruidDataSource
2024-09-21 07:42:35.081 [main] INFO  c.a.d.s.b.a.DruidDataSourceAutoConfigure - Init DruidDataSource
2024-09-21 07:47:47.176 [main] INFO  com.alibaba.druid.pool.DruidDataSource - {dataSource-1} inited
2024-09-21 07:47:47.258 [SpringApplicationShutdownHook] INFO  com.alibaba.druid.pool.DruidDataSource - {dataSource-1} closing ...
2024-09-21 07:47:47.258 [SpringApplicationShutdownHook] INFO  com.alibaba.druid.pool.DruidDataSource - {dataSource-1} closed
2024-09-21 07:47:59.977 [main] INFO  com.alibaba.druid.pool.DruidDataSource - {dataSource-1} inited
2024-09-21 07:48:10.144 [SpringApplicationShutdownHook] INFO  com.alibaba.druid.pool.DruidDataSource - {dataSource-1} closing ...
2024-09-21 07:48:10.145 [SpringApplicationShutdownHook] INFO  com.alibaba.druid.pool.DruidDataSource - {dataSource-1} closed
2024-09-21 07:52:07.784 [main] INFO  com.alibaba.druid.pool.DruidDataSource - {dataSource-1} inited
2024-09-21 07:54:16.685 [SpringApplicationShutdownHook] INFO  com.alibaba.druid.pool.DruidDataSource - {dataSource-1} closing ...
2024-09-21 07:54:16.686 [SpringApplicationShutdownHook] INFO  com.alibaba.druid.pool.DruidDataSource - {dataSource-1} closed
2024-09-21 07:55:33.962 [SpringApplicationShutdownHook] INFO  com.alibaba.druid.pool.DruidDataSource - {dataSource-0} closing ...
2024-09-21 10:00:21.936 [SpringApplicationShutdownHook] INFO  com.alibaba.druid.pool.DruidDataSource - {dataSource-0} closing ...
2024-09-21 10:01:04.773 [SpringApplicationShutdownHook] INFO  com.alibaba.druid.pool.DruidDataSource - {dataSource-0} closing ...
2024-09-21 10:07:21.312 [SpringApplicationShutdownHook] INFO  com.alibaba.druid.pool.DruidDataSource - {dataSource-0} closing ...
2024-09-21 10:07:49.878 [SpringApplicationShutdownHook] INFO  com.alibaba.druid.pool.DruidDataSource - {dataSource-0} closing ...
2024-09-21 10:08:25.343 [SpringApplicationShutdownHook] INFO  com.alibaba.druid.pool.DruidDataSource - {dataSource-0} closing ...
2024-09-21 10:27:38.623 [SpringApplicationShutdownHook] INFO  com.alibaba.druid.pool.DruidDataSource - {dataSource-0} closing ...
2024-09-21 10:39:50.600 [SpringApplicationShutdownHook] INFO  com.alibaba.druid.pool.DruidDataSource - {dataSource-0} closing ...
2024-09-21 10:40:21.508 [SpringApplicationShutdownHook] INFO  com.alibaba.druid.pool.DruidDataSource - {dataSource-0} closing ...
2024-09-21 10:42:50.558 [SpringApplicationShutdownHook] INFO  com.alibaba.druid.pool.DruidDataSource - {dataSource-0} closing ...
2024-09-21 10:43:20.982 [SpringApplicationShutdownHook] INFO  com.alibaba.druid.pool.DruidDataSource - {dataSource-0} closing ...
2024-09-21 10:44:53.694 [SpringApplicationShutdownHook] INFO  com.alibaba.druid.pool.DruidDataSource - {dataSource-0} closing ...
2024-09-21 10:45:34.081 [SpringApplicationShutdownHook] INFO  com.alibaba.druid.pool.DruidDataSource - {dataSource-0} closing ...
2024-09-21 10:45:46.463 [SpringApplicationShutdownHook] INFO  com.alibaba.druid.pool.DruidDataSource - {dataSource-0} closing ...
2024-09-21 10:48:14.498 [SpringApplicationShutdownHook] INFO  com.alibaba.druid.pool.DruidDataSource - {dataSource-0} closing ...
2024-09-21 10:49:22.502 [SpringApplicationShutdownHook] INFO  com.alibaba.druid.pool.DruidDataSource - {dataSource-0} closing ...
2024-09-21 10:51:31.852 [SpringApplicationShutdownHook] INFO  com.alibaba.druid.pool.DruidDataSource - {dataSource-0} closing ...
2024-09-21 10:52:10.808 [SpringApplicationShutdownHook] INFO  com.alibaba.druid.pool.DruidDataSource - {dataSource-0} closing ...
2024-09-21 10:54:27.073 [SpringApplicationShutdownHook] INFO  com.alibaba.druid.pool.DruidDataSource - {dataSource-0} closing ...
2024-09-21 10:55:50.452 [SpringApplicationShutdownHook] INFO  com.alibaba.druid.pool.DruidDataSource - {dataSource-0} closing ...
2024-09-21 10:56:33.336 [SpringApplicationShutdownHook] INFO  com.alibaba.druid.pool.DruidDataSource - {dataSource-0} closing ...
2024-09-21 10:56:46.612 [SpringApplicationShutdownHook] INFO  com.alibaba.druid.pool.DruidDataSource - {dataSource-0} closing ...
2024-09-21 10:59:18.921 [SpringApplicationShutdownHook] INFO  com.alibaba.druid.pool.DruidDataSource - {dataSource-0} closing ...
2024-09-21 11:00:15.630 [SpringApplicationShutdownHook] INFO  com.alibaba.druid.pool.DruidDataSource - {dataSource-0} closing ...
2024-09-21 12:15:26.789 [SpringApplicationShutdownHook] INFO  com.alibaba.druid.pool.DruidDataSource - {dataSource-0} closing ...
2024-09-21 12:15:57.772 [SpringApplicationShutdownHook] INFO  com.alibaba.druid.pool.DruidDataSource - {dataSource-0} closing ...
2024-09-21 12:16:32.957 [SpringApplicationShutdownHook] INFO  com.alibaba.druid.pool.DruidDataSource - {dataSource-0} closing ...
2024-09-21 12:21:19.129 [SpringApplicationShutdownHook] INFO  com.alibaba.druid.pool.DruidDataSource - {dataSource-0} closing ...
2024-09-21 12:22:47.673 [SpringApplicationShutdownHook] INFO  com.alibaba.druid.pool.DruidDataSource - {dataSource-0} closing ...
2024-09-21 12:30:18.825 [SpringApplicationShutdownHook] INFO  com.alibaba.druid.pool.DruidDataSource - {dataSource-0} closing ...
2024-09-21 12:31:59.505 [SpringApplicationShutdownHook] INFO  com.alibaba.druid.pool.DruidDataSource - {dataSource-0} closing ...
2024-09-21 13:02:30.155 [SpringApplicationShutdownHook] INFO  com.alibaba.druid.pool.DruidDataSource - {dataSource-0} closing ...
2024-09-21 13:03:44.268 [SpringApplicationShutdownHook] INFO  com.alibaba.druid.pool.DruidDataSource - {dataSource-0} closing ...
2024-09-21 13:04:38.312 [SpringApplicationShutdownHook] INFO  com.alibaba.druid.pool.DruidDataSource - {dataSource-0} closing ...
2024-09-21 13:13:42.765 [SpringApplicationShutdownHook] INFO  com.alibaba.druid.pool.DruidDataSource - {dataSource-0} closing ...
2024-09-21 13:14:24.663 [SpringApplicationShutdownHook] INFO  com.alibaba.druid.pool.DruidDataSource - {dataSource-0} closing ...
2024-09-21 13:15:53.939 [SpringApplicationShutdownHook] INFO  com.alibaba.druid.pool.DruidDataSource - {dataSource-0} closing ...
2024-09-21 13:16:04.859 [SpringApplicationShutdownHook] INFO  com.alibaba.druid.pool.DruidDataSource - {dataSource-0} closing ...
2024-09-21 13:16:33.063 [SpringApplicationShutdownHook] INFO  com.alibaba.druid.pool.DruidDataSource - {dataSource-0} closing ...
2024-09-21 13:17:31.836 [SpringApplicationShutdownHook] INFO  com.alibaba.druid.pool.DruidDataSource - {dataSource-0} closing ...
2024-09-21 13:18:30.592 [SpringApplicationShutdownHook] INFO  com.alibaba.druid.pool.DruidDataSource - {dataSource-0} closing ...
2024-09-21 13:19:18.358 [SpringApplicationShutdownHook] INFO  com.alibaba.druid.pool.DruidDataSource - {dataSource-0} closing ...
2024-09-21 13:24:33.594 [SpringApplicationShutdownHook] INFO  com.alibaba.druid.pool.DruidDataSource - {dataSource-0} closing ...
2024-09-21 13:37:08.821 [SpringApplicationShutdownHook] INFO  com.alibaba.druid.pool.DruidDataSource - {dataSource-0} closing ...
2024-09-21 13:37:44.960 [SpringApplicationShutdownHook] INFO  com.alibaba.druid.pool.DruidDataSource - {dataSource-0} closing ...
2024-09-21 13:41:33.014 [SpringApplicationShutdownHook] INFO  com.alibaba.druid.pool.DruidDataSource - {dataSource-0} closing ...
2024-09-21 13:42:23.133 [SpringApplicationShutdownHook] INFO  com.alibaba.druid.pool.DruidDataSource - {dataSource-0} closing ...
2024-09-21 13:45:29.729 [SpringApplicationShutdownHook] INFO  com.alibaba.druid.pool.DruidDataSource - {dataSource-0} closing ...
2024-09-21 13:46:15.792 [SpringApplicationShutdownHook] INFO  com.alibaba.druid.pool.DruidDataSource - {dataSource-0} closing ...
2024-09-21 13:46:29.710 [SpringApplicationShutdownHook] INFO  com.alibaba.druid.pool.DruidDataSource - {dataSource-0} closing ...
2024-09-21 13:47:46.776 [SpringApplicationShutdownHook] INFO  com.alibaba.druid.pool.DruidDataSource - {dataSource-0} closing ...
2024-09-21 13:47:55.031 [SpringApplicationShutdownHook] INFO  com.alibaba.druid.pool.DruidDataSource - {dataSource-0} closing ...
2024-09-21 13:52:30.870 [SpringApplicationShutdownHook] INFO  com.alibaba.druid.pool.DruidDataSource - {dataSource-0} closing ...
2024-09-21 14:08:40.135 [SpringApplicationShutdownHook] INFO  com.alibaba.druid.pool.DruidDataSource - {dataSource-0} closing ...
2024-09-21 14:10:28.116 [SpringApplicationShutdownHook] INFO  com.alibaba.druid.pool.DruidDataSource - {dataSource-0} closing ...
2024-09-21 14:14:34.364 [SpringApplicationShutdownHook] INFO  com.alibaba.druid.pool.DruidDataSource - {dataSource-0} closing ...
2024-09-21 14:14:56.390 [SpringApplicationShutdownHook] INFO  com.alibaba.druid.pool.DruidDataSource - {dataSource-0} closing ...
2024-09-21 14:16:09.323 [SpringApplicationShutdownHook] INFO  com.alibaba.druid.pool.DruidDataSource - {dataSource-0} closing ...
2024-09-21 14:16:43.148 [SpringApplicationShutdownHook] INFO  com.alibaba.druid.pool.DruidDataSource - {dataSource-0} closing ...
2024-09-21 14:17:07.375 [SpringApplicationShutdownHook] INFO  com.alibaba.druid.pool.DruidDataSource - {dataSource-0} closing ...
2024-09-21 14:19:35.884 [SpringApplicationShutdownHook] INFO  com.alibaba.druid.pool.DruidDataSource - {dataSource-0} closing ...
2024-09-21 14:41:09.067 [SpringApplicationShutdownHook] INFO  com.alibaba.druid.pool.DruidDataSource - {dataSource-0} closing ...
2024-09-21 14:46:43.290 [SpringApplicationShutdownHook] INFO  com.alibaba.druid.pool.DruidDataSource - {dataSource-0} closing ...
2024-09-21 14:49:10.446 [SpringApplicationShutdownHook] INFO  com.alibaba.druid.pool.DruidDataSource - {dataSource-0} closing ...
2024-09-21 14:49:32.687 [SpringApplicationShutdownHook] INFO  com.alibaba.druid.pool.DruidDataSource - {dataSource-0} closing ...
2024-09-21 14:51:38.308 [SpringApplicationShutdownHook] INFO  com.alibaba.druid.pool.DruidDataSource - {dataSource-0} closing ...
2024-09-21 14:51:47.595 [SpringApplicationShutdownHook] INFO  com.alibaba.druid.pool.DruidDataSource - {dataSource-0} closing ...
2024-09-21 14:52:02.496 [SpringApplicationShutdownHook] INFO  com.alibaba.druid.pool.DruidDataSource - {dataSource-0} closing ...
2024-09-21 14:52:22.225 [SpringApplicationShutdownHook] INFO  com.alibaba.druid.pool.DruidDataSource - {dataSource-0} closing ...
2024-09-21 14:53:19.846 [SpringApplicationShutdownHook] INFO  com.alibaba.druid.pool.DruidDataSource - {dataSource-0} closing ...
2024-09-21 14:53:35.507 [SpringApplicationShutdownHook] INFO  com.alibaba.druid.pool.DruidDataSource - {dataSource-0} closing ...
2024-09-21 14:53:54.958 [SpringApplicationShutdownHook] INFO  com.alibaba.druid.pool.DruidDataSource - {dataSource-0} closing ...
2024-09-21 14:56:06.169 [SpringApplicationShutdownHook] INFO  com.alibaba.druid.pool.DruidDataSource - {dataSource-0} closing ...
2024-09-21 14:57:34.068 [SpringApplicationShutdownHook] INFO  com.alibaba.druid.pool.DruidDataSource - {dataSource-0} closing ...
2024-09-21 15:02:25.023 [SpringApplicationShutdownHook] INFO  com.alibaba.druid.pool.DruidDataSource - {dataSource-0} closing ...
2024-09-21 15:02:38.764 [SpringApplicationShutdownHook] INFO  com.alibaba.druid.pool.DruidDataSource - {dataSource-0} closing ...
2024-09-21 15:04:10.985 [SpringApplicationShutdownHook] INFO  com.alibaba.druid.pool.DruidDataSource - {dataSource-0} closing ...
2024-09-21 15:04:55.131 [SpringApplicationShutdownHook] INFO  com.alibaba.druid.pool.DruidDataSource - {dataSource-0} closing ...
2024-09-21 15:05:26.100 [SpringApplicationShutdownHook] INFO  com.alibaba.druid.pool.DruidDataSource - {dataSource-0} closing ...
2024-09-21 15:05:50.192 [SpringApplicationShutdownHook] INFO  com.alibaba.druid.pool.DruidDataSource - {dataSource-0} closing ...
2024-09-21 15:07:57.971 [SpringApplicationShutdownHook] INFO  com.alibaba.druid.pool.DruidDataSource - {dataSource-0} closing ...
2024-09-21 15:08:39.311 [SpringApplicationShutdownHook] INFO  com.alibaba.druid.pool.DruidDataSource - {dataSource-0} closing ...
2024-09-21 15:08:54.536 [SpringApplicationShutdownHook] INFO  com.alibaba.druid.pool.DruidDataSource - {dataSource-0} closing ...
2024-09-21 15:12:27.028 [SpringApplicationShutdownHook] INFO  com.alibaba.druid.pool.DruidDataSource - {dataSource-0} closing ...
2024-09-21 15:15:00.295 [SpringApplicationShutdownHook] INFO  com.alibaba.druid.pool.DruidDataSource - {dataSource-0} closing ...
2024-09-21 15:15:16.388 [SpringApplicationShutdownHook] INFO  com.alibaba.druid.pool.DruidDataSource - {dataSource-0} closing ...
2024-09-21 15:15:48.275 [SpringApplicationShutdownHook] INFO  com.alibaba.druid.pool.DruidDataSource - {dataSource-0} closing ...
2024-09-21 15:18:25.368 [SpringApplicationShutdownHook] INFO  com.alibaba.druid.pool.DruidDataSource - {dataSource-0} closing ...
2024-09-21 15:19:21.699 [SpringApplicationShutdownHook] INFO  com.alibaba.druid.pool.DruidDataSource - {dataSource-0} closing ...
2024-09-21 15:20:45.785 [SpringApplicationShutdownHook] INFO  com.alibaba.druid.pool.DruidDataSource - {dataSource-0} closing ...
2024-09-21 15:22:10.235 [SpringApplicationShutdownHook] INFO  com.alibaba.druid.pool.DruidDataSource - {dataSource-0} closing ...
2024-09-21 15:24:23.875 [SpringApplicationShutdownHook] INFO  com.alibaba.druid.pool.DruidDataSource - {dataSource-0} closing ...
2024-09-21 15:24:52.050 [SpringApplicationShutdownHook] INFO  com.alibaba.druid.pool.DruidDataSource - {dataSource-0} closing ...
2024-09-21 15:25:11.252 [SpringApplicationShutdownHook] INFO  com.alibaba.druid.pool.DruidDataSource - {dataSource-0} closing ...
2024-09-21 15:26:19.508 [SpringApplicationShutdownHook] INFO  com.alibaba.druid.pool.DruidDataSource - {dataSource-0} closing ...
2024-09-21 15:28:03.522 [SpringApplicationShutdownHook] INFO  com.alibaba.druid.pool.DruidDataSource - {dataSource-0} closing ...
2024-09-21 15:33:59.561 [SpringApplicationShutdownHook] INFO  com.alibaba.druid.pool.DruidDataSource - {dataSource-0} closing ...
2024-09-21 15:34:46.523 [SpringApplicationShutdownHook] INFO  com.alibaba.druid.pool.DruidDataSource - {dataSource-0} closing ...
2024-09-21 15:54:24.117 [SpringApplicationShutdownHook] INFO  com.alibaba.druid.pool.DruidDataSource - {dataSource-0} closing ...
2024-09-21 15:55:10.813 [SpringApplicationShutdownHook] INFO  com.alibaba.druid.pool.DruidDataSource - {dataSource-0} closing ...
2024-09-21 15:56:53.609 [SpringApplicationShutdownHook] INFO  com.alibaba.druid.pool.DruidDataSource - {dataSource-0} closing ...
2024-09-21 16:16:21.563 [SpringApplicationShutdownHook] INFO  com.alibaba.druid.pool.DruidDataSource - {dataSource-0} closing ...
2024-09-21 16:16:59.363 [SpringApplicationShutdownHook] INFO  com.alibaba.druid.pool.DruidDataSource - {dataSource-0} closing ...
2024-09-21 16:18:44.259 [SpringApplicationShutdownHook] INFO  com.alibaba.druid.pool.DruidDataSource - {dataSource-0} closing ...
2024-09-21 16:20:00.789 [SpringApplicationShutdownHook] INFO  com.alibaba.druid.pool.DruidDataSource - {dataSource-0} closing ...
2024-09-21 16:22:44.646 [SpringApplicationShutdownHook] INFO  com.alibaba.druid.pool.DruidDataSource - {dataSource-0} closing ...
2024-09-21 16:24:18.880 [SpringApplicationShutdownHook] INFO  com.alibaba.druid.pool.DruidDataSource - {dataSource-0} closing ...
2024-09-21 16:25:01.727 [SpringApplicationShutdownHook] INFO  com.alibaba.druid.pool.DruidDataSource - {dataSource-0} closing ...
2024-09-21 16:26:13.355 [SpringApplicationShutdownHook] INFO  com.alibaba.druid.pool.DruidDataSource - {dataSource-0} closing ...
2024-09-21 16:27:04.732 [SpringApplicationShutdownHook] INFO  com.alibaba.druid.pool.DruidDataSource - {dataSource-0} closing ...
2024-09-21 16:27:57.698 [SpringApplicationShutdownHook] INFO  com.alibaba.druid.pool.DruidDataSource - {dataSource-0} closing ...
2024-09-21 18:41:30.029 [main] INFO  com.alibaba.druid.pool.DruidDataSource - {dataSource-0} closing ...
2024-09-21 18:43:58.438 [main] INFO  com.alibaba.druid.pool.DruidDataSource - {dataSource-1} inited
2024-09-21 18:43:58.475 [SpringApplicationShutdownHook] INFO  com.alibaba.druid.pool.DruidDataSource - {dataSource-1} closing ...
2024-09-21 18:43:58.476 [SpringApplicationShutdownHook] INFO  com.alibaba.druid.pool.DruidDataSource - {dataSource-1} closed
2024-09-21 18:44:11.088 [main] INFO  com.alibaba.druid.pool.DruidDataSource - {dataSource-1} inited
2024-09-21 18:44:11.123 [SpringApplicationShutdownHook] INFO  com.alibaba.druid.pool.DruidDataSource - {dataSource-1} closing ...
2024-09-21 18:44:11.124 [SpringApplicationShutdownHook] INFO  com.alibaba.druid.pool.DruidDataSource - {dataSource-1} closed
2024-09-21 18:45:41.345 [main] INFO  com.alibaba.druid.pool.DruidDataSource - {dataSource-1} inited
2024-09-21 18:46:05.395 [SpringApplicationShutdownHook] INFO  com.alibaba.druid.pool.DruidDataSource - {dataSource-1} closing ...
2024-09-21 18:46:05.397 [SpringApplicationShutdownHook] INFO  com.alibaba.druid.pool.DruidDataSource - {dataSource-1} closed
2024-09-21 18:50:50.130 [main] INFO  com.alibaba.druid.pool.DruidDataSource - {dataSource-1} inited
2024-09-21 18:53:12.554 [SpringApplicationShutdownHook] INFO  com.alibaba.druid.pool.DruidDataSource - {dataSource-1} closing ...
2024-09-21 18:53:12.555 [SpringApplicationShutdownHook] INFO  com.alibaba.druid.pool.DruidDataSource - {dataSource-1} closed
2024-09-21 18:55:26.151 [SpringApplicationShutdownHook] INFO  com.alibaba.druid.pool.DruidDataSource - {dataSource-0} closing ...
2024-09-21 18:55:53.494 [SpringApplicationShutdownHook] INFO  com.alibaba.druid.pool.DruidDataSource - {dataSource-0} closing ...
2024-09-21 18:56:33.336 [main] INFO  com.alibaba.druid.pool.DruidDataSource - {dataSource-1} inited
2024-09-21 18:58:00.690 [SpringApplicationShutdownHook] INFO  com.alibaba.druid.pool.DruidDataSource - {dataSource-1} closing ...
2024-09-21 18:58:00.691 [SpringApplicationShutdownHook] INFO  com.alibaba.druid.pool.DruidDataSource - {dataSource-1} closed
2024-09-21 18:58:11.523 [main] INFO  com.alibaba.druid.pool.DruidDataSource - {dataSource-1} inited
2024-09-21 18:59:24.566 [SpringApplicationShutdownHook] INFO  com.alibaba.druid.pool.DruidDataSource - {dataSource-1} closing ...
2024-09-21 18:59:24.566 [SpringApplicationShutdownHook] INFO  com.alibaba.druid.pool.DruidDataSource - {dataSource-1} closed
2024-09-21 19:02:02.240 [main] INFO  com.alibaba.druid.pool.DruidDataSource - {dataSource-1} inited
2024-09-21 19:09:12.304 [SpringApplicationShutdownHook] INFO  com.alibaba.druid.pool.DruidDataSource - {dataSource-1} closing ...
2024-09-21 19:09:12.305 [SpringApplicationShutdownHook] INFO  com.alibaba.druid.pool.DruidDataSource - {dataSource-1} closed
2024-09-21 19:09:19.238 [main] INFO  com.alibaba.druid.pool.DruidDataSource - {dataSource-0} closing ...
2024-09-21 19:10:01.004 [main] INFO  com.alibaba.druid.pool.DruidDataSource - {dataSource-1} inited
2024-09-21 19:10:54.321 [SpringApplicationShutdownHook] INFO  com.alibaba.druid.pool.DruidDataSource - {dataSource-1} closing ...
2024-09-21 19:10:54.322 [SpringApplicationShutdownHook] INFO  com.alibaba.druid.pool.DruidDataSource - {dataSource-1} closed
2024-09-21 19:11:04.115 [main] INFO  com.alibaba.druid.pool.DruidDataSource - {dataSource-1} inited
2024-09-21 19:11:07.609 [SpringApplicationShutdownHook] INFO  com.alibaba.druid.pool.DruidDataSource - {dataSource-1} closing ...
2024-09-21 19:11:07.610 [SpringApplicationShutdownHook] INFO  com.alibaba.druid.pool.DruidDataSource - {dataSource-1} closed
2024-09-21 19:12:08.682 [main] INFO  com.alibaba.druid.pool.DruidDataSource - {dataSource-1} inited
2024-09-21 19:14:35.418 [SpringApplicationShutdownHook] INFO  com.alibaba.druid.pool.DruidDataSource - {dataSource-1} closing ...
2024-09-21 19:14:35.421 [SpringApplicationShutdownHook] INFO  com.alibaba.druid.pool.DruidDataSource - {dataSource-1} closed
2024-09-21 19:15:05.161 [main] INFO  com.alibaba.druid.pool.DruidDataSource - {dataSource-1} inited
2024-09-21 19:15:23.854 [SpringApplicationShutdownHook] INFO  com.alibaba.druid.pool.DruidDataSource - {dataSource-1} closing ...
2024-09-21 19:15:23.855 [SpringApplicationShutdownHook] INFO  com.alibaba.druid.pool.DruidDataSource - {dataSource-1} closed
2024-09-21 19:15:57.244 [main] INFO  com.alibaba.druid.pool.DruidDataSource - {dataSource-1} inited
2024-09-21 19:18:18.692 [SpringApplicationShutdownHook] INFO  com.alibaba.druid.pool.DruidDataSource - {dataSource-1} closing ...
2024-09-21 19:18:18.693 [SpringApplicationShutdownHook] INFO  com.alibaba.druid.pool.DruidDataSource - {dataSource-1} closed
2024-09-21 19:20:31.817 [main] INFO  com.alibaba.druid.pool.DruidDataSource - {dataSource-1} inited
2024-09-21 19:21:45.840 [SpringApplicationShutdownHook] INFO  com.alibaba.druid.pool.DruidDataSource - {dataSource-1} closing ...
2024-09-21 19:21:45.842 [SpringApplicationShutdownHook] INFO  com.alibaba.druid.pool.DruidDataSource - {dataSource-1} closed
2024-09-21 19:22:36.474 [main] INFO  com.alibaba.druid.pool.DruidDataSource - {dataSource-1} inited
2024-09-21 19:23:41.254 [SpringApplicationShutdownHook] INFO  com.alibaba.druid.pool.DruidDataSource - {dataSource-1} closing ...
2024-09-21 19:23:41.256 [SpringApplicationShutdownHook] INFO  com.alibaba.druid.pool.DruidDataSource - {dataSource-1} closed
2024-09-21 19:23:50.251 [main] INFO  com.alibaba.druid.pool.DruidDataSource - {dataSource-1} inited
2024-09-21 19:26:43.020 [SpringApplicationShutdownHook] INFO  com.alibaba.druid.pool.DruidDataSource - {dataSource-1} closing ...
2024-09-21 19:26:43.021 [SpringApplicationShutdownHook] INFO  com.alibaba.druid.pool.DruidDataSource - {dataSource-1} closed
2024-09-21 19:26:52.595 [main] INFO  com.alibaba.druid.pool.DruidDataSource - {dataSource-1} inited
2024-09-21 19:29:49.446 [main] INFO  com.alibaba.druid.pool.DruidDataSource - {dataSource-1} inited
2024-09-21 19:30:09.913 [SpringApplicationShutdownHook] INFO  com.alibaba.druid.pool.DruidDataSource - {dataSource-1} closing ...
2024-09-21 19:30:09.915 [SpringApplicationShutdownHook] INFO  com.alibaba.druid.pool.DruidDataSource - {dataSource-1} closed
2024-09-21 19:30:19.121 [main] INFO  com.alibaba.druid.pool.DruidDataSource - {dataSource-1} inited
2024-09-21 19:30:39.972 [SpringApplicationShutdownHook] INFO  com.alibaba.druid.pool.DruidDataSource - {dataSource-1} closing ...
2024-09-21 19:30:39.973 [SpringApplicationShutdownHook] INFO  com.alibaba.druid.pool.DruidDataSource - {dataSource-1} closed
2024-09-21 19:31:04.387 [main] INFO  com.alibaba.druid.pool.DruidDataSource - {dataSource-1} inited
2024-09-21 19:31:26.560 [SpringApplicationShutdownHook] INFO  com.alibaba.druid.pool.DruidDataSource - {dataSource-1} closing ...
2024-09-21 19:31:26.561 [SpringApplicationShutdownHook] INFO  com.alibaba.druid.pool.DruidDataSource - {dataSource-1} closed
2024-09-21 19:32:44.589 [main] INFO  com.alibaba.druid.pool.DruidDataSource - {dataSource-1} inited
2024-09-21 19:33:51.884 [SpringApplicationShutdownHook] INFO  com.alibaba.druid.pool.DruidDataSource - {dataSource-1} closing ...
2024-09-21 19:33:51.885 [SpringApplicationShutdownHook] INFO  com.alibaba.druid.pool.DruidDataSource - {dataSource-1} closed
2024-09-21 19:34:01.164 [main] INFO  com.alibaba.druid.pool.DruidDataSource - {dataSource-1} inited
2024-09-21 19:34:51.477 [SpringApplicationShutdownHook] INFO  com.alibaba.druid.pool.DruidDataSource - {dataSource-1} closing ...
2024-09-21 19:34:51.478 [SpringApplicationShutdownHook] INFO  com.alibaba.druid.pool.DruidDataSource - {dataSource-1} closed
2024-09-21 19:35:03.330 [main] INFO  com.alibaba.druid.pool.DruidDataSource - {dataSource-1} inited
2024-09-21 19:36:04.235 [SpringApplicationShutdownHook] INFO  com.alibaba.druid.pool.DruidDataSource - {dataSource-1} closing ...
2024-09-21 19:36:04.237 [SpringApplicationShutdownHook] INFO  com.alibaba.druid.pool.DruidDataSource - {dataSource-1} closed
2024-09-21 19:37:01.475 [main] INFO  com.alibaba.druid.pool.DruidDataSource - {dataSource-1} inited
2024-09-21 19:37:58.181 [SpringApplicationShutdownHook] INFO  com.alibaba.druid.pool.DruidDataSource - {dataSource-1} closing ...
2024-09-21 19:37:58.181 [SpringApplicationShutdownHook] INFO  com.alibaba.druid.pool.DruidDataSource - {dataSource-1} closed
2024-09-21 19:38:16.112 [main] INFO  com.alibaba.druid.pool.DruidDataSource - {dataSource-1} inited
2024-09-21 19:38:19.279 [SpringApplicationShutdownHook] INFO  com.alibaba.druid.pool.DruidDataSource - {dataSource-1} closing ...
2024-09-21 19:38:19.281 [SpringApplicationShutdownHook] INFO  com.alibaba.druid.pool.DruidDataSource - {dataSource-1} closed
2024-09-21 19:38:29.263 [main] INFO  com.alibaba.druid.pool.DruidDataSource - {dataSource-1} inited
2024-09-21 19:39:35.831 [SpringApplicationShutdownHook] INFO  com.alibaba.druid.pool.DruidDataSource - {dataSource-1} closing ...
2024-09-21 19:39:35.831 [SpringApplicationShutdownHook] INFO  com.alibaba.druid.pool.DruidDataSource - {dataSource-1} closed
2024-09-21 19:42:04.125 [main] INFO  com.alibaba.druid.pool.DruidDataSource - {dataSource-1} inited
2024-09-21 19:42:54.000 [SpringApplicationShutdownHook] INFO  com.alibaba.druid.pool.DruidDataSource - {dataSource-1} closing ...
2024-09-21 19:42:54.001 [SpringApplicationShutdownHook] INFO  com.alibaba.druid.pool.DruidDataSource - {dataSource-1} closed
2024-09-21 20:19:35.952 [main] INFO  com.alibaba.druid.pool.DruidDataSource - {dataSource-1} inited
2024-09-21 20:20:43.283 [SpringApplicationShutdownHook] INFO  com.alibaba.druid.pool.DruidDataSource - {dataSource-1} closing ...
2024-09-21 20:20:43.285 [SpringApplicationShutdownHook] INFO  com.alibaba.druid.pool.DruidDataSource - {dataSource-1} closed
2024-09-21 20:22:27.198 [main] INFO  com.alibaba.druid.pool.DruidDataSource - {dataSource-1} inited
2024-09-21 20:24:14.779 [SpringApplicationShutdownHook] INFO  com.alibaba.druid.pool.DruidDataSource - {dataSource-1} closing ...
2024-09-21 20:24:14.780 [SpringApplicationShutdownHook] INFO  com.alibaba.druid.pool.DruidDataSource - {dataSource-1} closed
2024-09-21 20:24:24.315 [main] INFO  com.alibaba.druid.pool.DruidDataSource - {dataSource-1} inited
2024-09-21 21:35:45.600 [SpringApplicationShutdownHook] INFO  com.alibaba.druid.pool.DruidDataSource - {dataSource-1} closing ...
2024-09-21 21:35:45.602 [SpringApplicationShutdownHook] INFO  com.alibaba.druid.pool.DruidDataSource - {dataSource-1} closed
2024-09-21 21:37:11.996 [main] INFO  com.alibaba.druid.pool.DruidDataSource - {dataSource-1} inited
2024-09-21 21:37:55.776 [SpringApplicationShutdownHook] INFO  com.alibaba.druid.pool.DruidDataSource - {dataSource-1} closing ...
2024-09-21 21:37:55.777 [SpringApplicationShutdownHook] INFO  com.alibaba.druid.pool.DruidDataSource - {dataSource-1} closed
2024-09-21 21:44:45.432 [main] INFO  com.alibaba.druid.pool.DruidDataSource - {dataSource-1} inited
2024-09-21 21:45:17.634 [SpringApplicationShutdownHook] INFO  com.alibaba.druid.pool.DruidDataSource - {dataSource-1} closing ...
2024-09-21 21:45:17.637 [SpringApplicationShutdownHook] INFO  com.alibaba.druid.pool.DruidDataSource - {dataSource-1} closed
2024-09-21 21:45:39.686 [main] INFO  com.alibaba.druid.pool.DruidDataSource - {dataSource-1} inited
2024-09-21 21:46:51.485 [SpringApplicationShutdownHook] INFO  com.alibaba.druid.pool.DruidDataSource - {dataSource-1} closing ...
2024-09-21 21:46:51.488 [SpringApplicationShutdownHook] INFO  com.alibaba.druid.pool.DruidDataSource - {dataSource-1} closed
2024-09-21 21:47:44.819 [main] INFO  com.alibaba.druid.pool.DruidDataSource - {dataSource-1} inited
2024-09-21 21:49:37.124 [SpringApplicationShutdownHook] INFO  com.alibaba.druid.pool.DruidDataSource - {dataSource-1} closing ...
2024-09-21 21:49:37.126 [SpringApplicationShutdownHook] INFO  com.alibaba.druid.pool.DruidDataSource - {dataSource-1} closed
2024-09-21 21:50:17.848 [main] INFO  com.alibaba.druid.pool.DruidDataSource - {dataSource-1} inited
2024-09-21 21:50:30.083 [SpringApplicationShutdownHook] INFO  com.alibaba.druid.pool.DruidDataSource - {dataSource-1} closing ...
2024-09-21 21:50:30.084 [SpringApplicationShutdownHook] INFO  com.alibaba.druid.pool.DruidDataSource - {dataSource-1} closed
2024-09-21 21:51:31.922 [main] INFO  com.alibaba.druid.pool.DruidDataSource - {dataSource-1} inited
2024-09-21 21:51:31.923 [SpringApplicationShutdownHook] INFO  com.alibaba.druid.pool.DruidDataSource - {dataSource-1} closing ...
2024-09-21 21:51:31.924 [SpringApplicationShutdownHook] INFO  com.alibaba.druid.pool.DruidDataSource - {dataSource-1} closed
2024-09-21 21:51:31.924 [Druid-ConnectionPool-Create-1396835114] INFO  com.alibaba.druid.pool.DruidDataSource - put physical connection to pool failed.
2024-09-21 21:52:39.640 [main] INFO  com.alibaba.druid.pool.DruidDataSource - {dataSource-1} inited
2024-09-21 21:53:50.558 [SpringApplicationShutdownHook] INFO  com.alibaba.druid.pool.DruidDataSource - {dataSource-1} closing ...
2024-09-21 21:53:50.559 [SpringApplicationShutdownHook] INFO  com.alibaba.druid.pool.DruidDataSource - {dataSource-1} closed
2024-09-21 21:55:22.463 [main] INFO  com.alibaba.druid.pool.DruidDataSource - {dataSource-1} inited
2024-09-21 21:55:49.426 [SpringApplicationShutdownHook] INFO  com.alibaba.druid.pool.DruidDataSource - {dataSource-1} closing ...
2024-09-21 21:55:49.428 [SpringApplicationShutdownHook] INFO  com.alibaba.druid.pool.DruidDataSource - {dataSource-1} closed
2024-09-21 21:57:06.080 [SpringApplicationShutdownHook] INFO  com.alibaba.druid.pool.DruidDataSource - {dataSource-0} closing ...
2024-09-21 21:57:32.108 [SpringApplicationShutdownHook] INFO  com.alibaba.druid.pool.DruidDataSource - {dataSource-0} closing ...
2024-09-21 21:58:25.555 [SpringApplicationShutdownHook] INFO  com.alibaba.druid.pool.DruidDataSource - {dataSource-0} closing ...
2024-09-21 21:59:22.291 [main] INFO  com.alibaba.druid.pool.DruidDataSource - {dataSource-1} inited
2024-09-21 21:59:37.843 [SpringApplicationShutdownHook] INFO  com.alibaba.druid.pool.DruidDataSource - {dataSource-1} closing ...
2024-09-21 21:59:37.844 [SpringApplicationShutdownHook] INFO  com.alibaba.druid.pool.DruidDataSource - {dataSource-1} closed
2024-09-21 22:00:00.453 [main] INFO  com.alibaba.druid.pool.DruidDataSource - {dataSource-1} inited
2024-09-21 22:00:43.927 [SpringApplicationShutdownHook] INFO  com.alibaba.druid.pool.DruidDataSource - {dataSource-1} closing ...
2024-09-21 22:00:43.928 [SpringApplicationShutdownHook] INFO  com.alibaba.druid.pool.DruidDataSource - {dataSource-1} closed
2024-09-21 22:01:00.822 [main] INFO  com.alibaba.druid.pool.DruidDataSource - {dataSource-1} inited
2024-09-21 22:01:20.191 [SpringApplicationShutdownHook] INFO  com.alibaba.druid.pool.DruidDataSource - {dataSource-1} closing ...
2024-09-21 22:01:20.192 [SpringApplicationShutdownHook] INFO  com.alibaba.druid.pool.DruidDataSource - {dataSource-1} closed
2024-09-21 22:04:26.690 [main] INFO  com.alibaba.druid.pool.DruidDataSource - {dataSource-1} inited
2024-09-21 22:04:28.921 [SpringApplicationShutdownHook] INFO  com.alibaba.druid.pool.DruidDataSource - {dataSource-1} closing ...
2024-09-21 22:04:28.923 [SpringApplicationShutdownHook] INFO  com.alibaba.druid.pool.DruidDataSource - {dataSource-1} closed
2024-09-21 22:07:06.608 [main] INFO  com.alibaba.druid.pool.DruidDataSource - {dataSource-1} inited
2024-09-21 22:07:06.736 [SpringApplicationShutdownHook] INFO  com.alibaba.druid.pool.DruidDataSource - {dataSource-1} closing ...
2024-09-21 22:07:06.738 [SpringApplicationShutdownHook] INFO  com.alibaba.druid.pool.DruidDataSource - {dataSource-1} closed
2024-09-21 22:08:11.255 [main] INFO  com.alibaba.druid.pool.DruidDataSource - {dataSource-1} inited
2024-09-21 22:08:11.716 [SpringApplicationShutdownHook] INFO  com.alibaba.druid.pool.DruidDataSource - {dataSource-1} closing ...
2024-09-21 22:08:11.718 [SpringApplicationShutdownHook] INFO  com.alibaba.druid.pool.DruidDataSource - {dataSource-1} closed
2024-09-21 22:12:48.558 [main] INFO  com.alibaba.druid.pool.DruidDataSource - {dataSource-1} inited
2024-09-21 22:13:01.868 [SpringApplicationShutdownHook] INFO  com.alibaba.druid.pool.DruidDataSource - {dataSource-1} closing ...
2024-09-21 22:13:01.870 [SpringApplicationShutdownHook] INFO  com.alibaba.druid.pool.DruidDataSource - {dataSource-1} closed
2024-09-21 22:13:24.986 [main] INFO  com.alibaba.druid.pool.DruidDataSource - {dataSource-1} inited
2024-09-21 22:14:03.473 [SpringApplicationShutdownHook] INFO  com.alibaba.druid.pool.DruidDataSource - {dataSource-1} closing ...
2024-09-21 22:14:03.475 [SpringApplicationShutdownHook] INFO  com.alibaba.druid.pool.DruidDataSource - {dataSource-1} closed
2024-09-21 22:15:01.628 [main] INFO  com.alibaba.druid.pool.DruidDataSource - {dataSource-1} inited
2024-09-21 22:15:14.713 [SpringApplicationShutdownHook] INFO  com.alibaba.druid.pool.DruidDataSource - {dataSource-1} closing ...
2024-09-21 22:15:14.714 [SpringApplicationShutdownHook] INFO  com.alibaba.druid.pool.DruidDataSource - {dataSource-1} closed
2024-09-21 22:19:15.209 [main] INFO  com.alibaba.druid.pool.DruidDataSource - {dataSource-1} inited
2024-09-21 22:20:50.755 [SpringApplicationShutdownHook] INFO  com.alibaba.druid.pool.DruidDataSource - {dataSource-1} closing ...
2024-09-21 22:20:50.756 [SpringApplicationShutdownHook] INFO  com.alibaba.druid.pool.DruidDataSource - {dataSource-1} closed
2024-09-21 22:21:44.027 [main] INFO  com.alibaba.druid.pool.DruidDataSource - {dataSource-1} inited
2024-09-21 22:23:19.984 [SpringApplicationShutdownHook] INFO  com.alibaba.druid.pool.DruidDataSource - {dataSource-1} closing ...
2024-09-21 22:23:19.986 [SpringApplicationShutdownHook] INFO  com.alibaba.druid.pool.DruidDataSource - {dataSource-1} closed
2024-09-21 22:23:33.974 [main] INFO  com.alibaba.druid.pool.DruidDataSource - {dataSource-1} inited
2024-09-21 22:23:57.766 [SpringApplicationShutdownHook] INFO  com.alibaba.druid.pool.DruidDataSource - {dataSource-1} closing ...
2024-09-21 22:23:57.768 [SpringApplicationShutdownHook] INFO  com.alibaba.druid.pool.DruidDataSource - {dataSource-1} closed
2024-09-21 22:25:46.052 [main] INFO  com.alibaba.druid.pool.DruidDataSource - {dataSource-1} inited
2024-09-21 22:26:01.400 [SpringApplicationShutdownHook] INFO  com.alibaba.druid.pool.DruidDataSource - {dataSource-1} closing ...
2024-09-21 22:26:01.402 [SpringApplicationShutdownHook] INFO  com.alibaba.druid.pool.DruidDataSource - {dataSource-1} closed
2024-09-21 22:26:13.491 [main] INFO  com.alibaba.druid.pool.DruidDataSource - {dataSource-1} inited
2024-09-21 22:28:58.864 [SpringApplicationShutdownHook] INFO  com.alibaba.druid.pool.DruidDataSource - {dataSource-1} closing ...
2024-09-21 22:28:58.867 [SpringApplicationShutdownHook] INFO  com.alibaba.druid.pool.DruidDataSource - {dataSource-1} closed
2024-09-21 22:29:05.344 [main] INFO  com.alibaba.druid.pool.DruidDataSource - {dataSource-1} inited
2024-09-21 22:29:37.096 [SpringApplicationShutdownHook] INFO  com.alibaba.druid.pool.DruidDataSource - {dataSource-1} closing ...
2024-09-21 22:29:37.099 [SpringApplicationShutdownHook] INFO  com.alibaba.druid.pool.DruidDataSource - {dataSource-1} closed
2024-09-21 22:29:44.548 [main] INFO  com.alibaba.druid.pool.DruidDataSource - {dataSource-1} inited
2024-09-21 22:30:34.806 [SpringApplicationShutdownHook] INFO  com.alibaba.druid.pool.DruidDataSource - {dataSource-1} closing ...
2024-09-21 22:30:34.807 [SpringApplicationShutdownHook] INFO  com.alibaba.druid.pool.DruidDataSource - {dataSource-1} closed
2024-09-21 22:33:05.330 [main] INFO  com.alibaba.druid.pool.DruidDataSource - {dataSource-1} inited
2024-09-21 22:34:25.203 [SpringApplicationShutdownHook] INFO  com.alibaba.druid.pool.DruidDataSource - {dataSource-1} closing ...
2024-09-21 22:34:25.205 [SpringApplicationShutdownHook] INFO  com.alibaba.druid.pool.DruidDataSource - {dataSource-1} closed
2024-09-21 22:36:57.383 [main] INFO  com.alibaba.druid.pool.DruidDataSource - {dataSource-1} inited
2024-09-21 22:38:06.300 [SpringApplicationShutdownHook] INFO  com.alibaba.druid.pool.DruidDataSource - {dataSource-1} closing ...
2024-09-21 22:38:06.301 [SpringApplicationShutdownHook] INFO  com.alibaba.druid.pool.DruidDataSource - {dataSource-1} closed
2024-09-21 22:40:05.751 [main] INFO  com.alibaba.druid.pool.DruidDataSource - {dataSource-1} inited
2024-09-21 22:42:08.893 [SpringApplicationShutdownHook] INFO  com.alibaba.druid.pool.DruidDataSource - {dataSource-1} closing ...
2024-09-21 22:42:08.894 [SpringApplicationShutdownHook] INFO  com.alibaba.druid.pool.DruidDataSource - {dataSource-1} closed
2024-09-21 22:42:16.272 [main] INFO  com.alibaba.druid.pool.DruidDataSource - {dataSource-1} inited
2024-09-21 22:43:49.236 [SpringApplicationShutdownHook] INFO  com.alibaba.druid.pool.DruidDataSource - {dataSource-1} closing ...
2024-09-21 22:43:49.237 [SpringApplicationShutdownHook] INFO  com.alibaba.druid.pool.DruidDataSource - {dataSource-1} closed
2024-09-21 22:43:56.927 [main] INFO  com.alibaba.druid.pool.DruidDataSource - {dataSource-1} inited
2024-09-21 22:44:21.389 [SpringApplicationShutdownHook] INFO  com.alibaba.druid.pool.DruidDataSource - {dataSource-1} closing ...
2024-09-21 22:44:21.390 [SpringApplicationShutdownHook] INFO  com.alibaba.druid.pool.DruidDataSource - {dataSource-1} closed
2024-09-21 22:46:04.123 [main] INFO  com.alibaba.druid.pool.DruidDataSource - {dataSource-1} inited
2024-09-21 22:46:06.346 [SpringApplicationShutdownHook] INFO  com.alibaba.druid.pool.DruidDataSource - {dataSource-1} closing ...
2024-09-21 22:46:06.347 [SpringApplicationShutdownHook] INFO  com.alibaba.druid.pool.DruidDataSource - {dataSource-1} closed
2024-09-21 22:46:21.673 [main] INFO  com.alibaba.druid.pool.DruidDataSource - {dataSource-1} inited
2024-09-21 22:47:00.246 [SpringApplicationShutdownHook] INFO  com.alibaba.druid.pool.DruidDataSource - {dataSource-1} closing ...
2024-09-21 22:47:00.248 [SpringApplicationShutdownHook] INFO  com.alibaba.druid.pool.DruidDataSource - {dataSource-1} closed
2024-09-21 22:51:57.146 [main] INFO  com.alibaba.druid.pool.DruidDataSource - {dataSource-1} inited
2024-09-21 22:52:07.449 [SpringApplicationShutdownHook] INFO  com.alibaba.druid.pool.DruidDataSource - {dataSource-1} closing ...
2024-09-21 22:52:07.451 [SpringApplicationShutdownHook] INFO  com.alibaba.druid.pool.DruidDataSource - {dataSource-1} closed
2024-09-21 22:53:14.176 [main] INFO  com.alibaba.druid.pool.DruidDataSource - {dataSource-1} inited
2024-09-21 22:53:14.705 [SpringApplicationShutdownHook] INFO  com.alibaba.druid.pool.DruidDataSource - {dataSource-1} closing ...
2024-09-21 22:53:14.706 [SpringApplicationShutdownHook] INFO  com.alibaba.druid.pool.DruidDataSource - {dataSource-1} closed
2024-09-21 22:54:54.167 [main] INFO  com.alibaba.druid.pool.DruidDataSource - {dataSource-1} inited
2024-09-21 22:54:54.782 [SpringApplicationShutdownHook] INFO  com.alibaba.druid.pool.DruidDataSource - {dataSource-1} closing ...
2024-09-21 22:54:54.784 [SpringApplicationShutdownHook] INFO  com.alibaba.druid.pool.DruidDataSource - {dataSource-1} closed
2024-09-21 23:02:12.679 [main] INFO  com.alibaba.druid.pool.DruidDataSource - {dataSource-1} inited
2024-09-21 23:02:12.787 [SpringApplicationShutdownHook] INFO  com.alibaba.druid.pool.DruidDataSource - {dataSource-1} closing ...
2024-09-21 23:02:12.790 [SpringApplicationShutdownHook] INFO  com.alibaba.druid.pool.DruidDataSource - {dataSource-1} closed
2024-09-21 23:11:03.830 [main] INFO  com.alibaba.druid.pool.DruidDataSource - {dataSource-1} inited
2024-09-21 23:12:49.891 [SpringApplicationShutdownHook] INFO  com.alibaba.druid.pool.DruidDataSource - {dataSource-1} closing ...
2024-09-21 23:12:49.892 [SpringApplicationShutdownHook] INFO  com.alibaba.druid.pool.DruidDataSource - {dataSource-1} closed
2024-09-21 23:53:24.007 [SpringApplicationShutdownHook] INFO  com.alibaba.druid.pool.DruidDataSource - {dataSource-0} closing ...
